2025-11-12 11:24:40,301 [INFO] Starting autonomous update cycle
2025-11-12 11:24:40,960 [ERROR] Failed to check repository updates: invalid literal for int() with base 10: ''
2025-11-12 11:24:41,943 [ERROR] Failed to check configuration: Expecting value: line 1 column 1 (char 0)
2025-11-12 11:24:41,943 [ERROR] Failed security check: Expecting value: line 1 column 1 (char 0)
2025-11-12 11:24:41,943 [INFO] Found 7 updates available
2025-11-12 11:24:47,016 [INFO] Applied 7 updates
2025-11-12 11:25:00,920 [INFO] Starting autonomous update cycle
2025-11-12 11:25:02,551 [ERROR] Failed to check configuration: Expecting value: line 1 column 1 (char 0)
2025-11-12 11:25:02,552 [ERROR] Failed security check: Expecting value: line 1 column 1 (char 0)
2025-11-12 11:25:02,552 [INFO] No updates available
2025-11-12 11:30:01,185 [INFO] Starting autonomous update cycle
2025-11-12 11:30:02,875 [ERROR] Failed to check configuration: Expecting value: line 1 column 1 (char 0)
2025-11-12 11:30:02,876 [ERROR] Failed security check: Expecting value: line 1 column 1 (char 0)
2025-11-12 11:30:02,876 [INFO] No updates available
2025-11-12 11:35:00,517 [INFO] Starting autonomous update cycle
2025-11-12 11:35:02,567 [ERROR] Failed to check configuration: Expecting value: line 1 column 1 (char 0)
2025-11-12 11:35:02,567 [ERROR] Failed security check: Expecting value: line 1 column 1 (char 0)
2025-11-12 11:35:02,567 [INFO] No updates available
2025-11-12 11:40:01,209 [INFO] Starting autonomous update cycle
2025-11-12 11:40:03,481 [ERROR] Failed to check configuration: Expecting value: line 1 column 1 (char 0)
2025-11-12 11:40:03,481 [ERROR] Failed security check: Expecting value: line 1 column 1 (char 0)
2025-11-12 11:40:03,481 [INFO] No updates available
2025-11-12 11:45:01,191 [INFO] Starting autonomous update cycle
2025-11-12 11:45:03,842 [ERROR] Failed to check configuration: Expecting value: line 1 column 1 (char 0)
2025-11-12 11:45:03,843 [ERROR] Failed security check: Expecting value: line 1 column 1 (char 0)
2025-11-12 11:45:03,843 [INFO] No updates available
2025-11-12 11:50:00,531 [INFO] Starting autonomous update cycle
2025-11-12 11:50:02,570 [ERROR] Failed to check configuration: Expecting value: line 1 column 1 (char 0)
2025-11-12 11:50:02,571 [ERROR] Failed security check: Expecting value: line 1 column 1 (char 0)
2025-11-12 11:50:02,571 [INFO] No updates available
2025-11-12 11:55:00,572 [INFO] Starting autonomous update cycle
2025-11-12 11:55:02,807 [ERROR] Failed to check configuration: Expecting value: line 1 column 1 (char 0)
2025-11-12 11:55:02,808 [ERROR] Failed security check: Expecting value: line 1 column 1 (char 0)
2025-11-12 11:55:02,808 [INFO] No updates available
2025-11-12 12:00:00,450 [INFO] Starting autonomous update cycle
2025-11-12 12:00:02,612 [ERROR] Failed to check configuration: Expecting value: line 1 column 1 (char 0)
2025-11-12 12:00:02,613 [ERROR] Failed security check: Expecting value: line 1 column 1 (char 0)
2025-11-12 12:00:02,613 [INFO] No updates available
2025-11-12 12:05:01,179 [INFO] Starting autonomous update cycle
2025-11-12 12:05:03,220 [ERROR] Failed to check configuration: Expecting value: line 1 column 1 (char 0)
2025-11-12 12:05:03,220 [ERROR] Failed security check: Expecting value: line 1 column 1 (char 0)
2025-11-12 12:05:03,220 [INFO] No updates available
2025-11-12 12:10:00,760 [INFO] Starting autonomous update cycle
2025-11-12 12:10:03,125 [ERROR] Failed to check configuration: Expecting value: line 1 column 1 (char 0)
2025-11-12 12:10:03,125 [ERROR] Failed security check: Expecting value: line 1 column 1 (char 0)
2025-11-12 12:10:03,125 [INFO] No updates available
2025-11-12 12:15:00,724 [INFO] Starting autonomous update cycle
2025-11-12 12:15:02,836 [ERROR] Failed to check configuration: Expecting value: line 1 column 1 (char 0)
2025-11-12 12:15:02,836 [ERROR] Failed security check: Expecting value: line 1 column 1 (char 0)
2025-11-12 12:15:02,837 [INFO] No updates available
2025-11-12 12:20:00,414 [INFO] Starting autonomous update cycle
2025-11-12 12:20:02,196 [ERROR] Failed to check configuration: Expecting value: line 1 column 1 (char 0)
2025-11-12 12:20:02,197 [ERROR] Failed security check: Expecting value: line 1 column 1 (char 0)
2025-11-12 12:20:02,197 [INFO] No updates available
2025-11-12 12:25:01,210 [INFO] Starting autonomous update cycle
2025-11-12 12:25:03,103 [ERROR] Failed to check configuration: Expecting value: line 1 column 1 (char 0)
2025-11-12 12:25:03,103 [ERROR] Failed security check: Expecting value: line 1 column 1 (char 0)
2025-11-12 12:25:03,103 [INFO] No updates available
2025-11-12 12:30:00,588 [INFO] Starting autonomous update cycle
2025-11-12 12:30:02,406 [ERROR] Failed to check configuration: Expecting value: line 1 column 1 (char 0)
2025-11-12 12:30:02,406 [ERROR] Failed security check: Expecting value: line 1 column 1 (char 0)
2025-11-12 12:30:02,406 [INFO] No updates available
2025-11-12 12:36:28,954 [INFO] Starting autonomous update cycle
2025-11-12 12:36:30,823 [ERROR] Failed to check configuration: Expecting value: line 1 column 1 (char 0)
2025-11-12 12:36:30,823 [ERROR] Failed security check: Expecting value: line 1 column 1 (char 0)
2025-11-12 12:36:30,824 [INFO] No updates available
2025-11-12 12:40:00,410 [INFO] Starting autonomous update cycle
2025-11-12 12:40:02,188 [ERROR] Failed to check configuration: Expecting value: line 1 column 1 (char 0)
2025-11-12 12:40:02,189 [ERROR] Failed security check: Expecting value: line 1 column 1 (char 0)
2025-11-12 12:40:02,189 [INFO] No updates available
2025-11-12 12:45:00,683 [INFO] Starting autonomous update cycle
2025-11-12 12:45:02,606 [ERROR] Failed to check configuration: Expecting value: line 1 column 1 (char 0)
2025-11-12 12:45:02,607 [ERROR] Failed security check: Expecting value: line 1 column 1 (char 0)
2025-11-12 12:45:02,607 [INFO] No updates available
2025-11-12 12:50:01,157 [INFO] Starting autonomous update cycle
2025-11-12 12:50:03,070 [ERROR] Failed to check configuration: Expecting value: line 1 column 1 (char 0)
2025-11-12 12:50:03,071 [ERROR] Failed security check: Expecting value: line 1 column 1 (char 0)
2025-11-12 12:50:03,071 [INFO] No updates available
2025-11-12 12:55:00,579 [INFO] Starting autonomous update cycle
2025-11-12 12:55:02,355 [ERROR] Failed to check configuration: Expecting value: line 1 column 1 (char 0)
2025-11-12 12:55:02,355 [ERROR] Failed security check: Expecting value: line 1 column 1 (char 0)
2025-11-12 12:55:02,355 [INFO] No updates available
2025-11-12 13:00:00,881 [INFO] Starting autonomous update cycle
2025-11-12 13:00:02,725 [ERROR] Failed to check configuration: Expecting value: line 1 column 1 (char 0)
2025-11-12 13:00:02,726 [ERROR] Failed security check: Expecting value: line 1 column 1 (char 0)
2025-11-12 13:00:02,726 [INFO] No updates available
2025-11-12 13:05:01,260 [INFO] Starting autonomous update cycle
2025-11-12 13:05:03,214 [ERROR] Failed to check configuration: Expecting value: line 1 column 1 (char 0)
2025-11-12 13:05:03,214 [ERROR] Failed security check: Expecting value: line 1 column 1 (char 0)
2025-11-12 13:05:03,214 [INFO] No updates available
2025-11-12 13:10:01,248 [INFO] Starting autonomous update cycle
2025-11-12 13:10:03,974 [ERROR] Failed to check configuration: Expecting value: line 1 column 1 (char 0)
2025-11-12 13:10:03,975 [ERROR] Failed security check: Expecting value: line 1 column 1 (char 0)
2025-11-12 13:10:03,975 [INFO] No updates available
2025-11-12 13:35:02,197 [INFO] Starting autonomous update cycle
2025-11-12 13:35:04,658 [ERROR] Failed to check configuration: Expecting value: line 1 column 1 (char 0)
2025-11-12 13:35:04,659 [ERROR] Failed security check: Expecting value: line 1 column 1 (char 0)
2025-11-12 13:35:04,659 [INFO] No updates available
2025-11-12 13:40:01,359 [INFO] Starting autonomous update cycle
2025-11-12 13:40:03,706 [ERROR] Failed to check configuration: Expecting value: line 1 column 1 (char 0)
2025-11-12 13:40:03,707 [ERROR] Failed security check: Expecting value: line 1 column 1 (char 0)
2025-11-12 13:40:03,707 [INFO] No updates available
2025-11-12 13:50:02,400 [INFO] Starting autonomous update cycle
2025-11-12 13:50:10,757 [ERROR] Failed to check configuration: Expecting value: line 1 column 1 (char 0)
2025-11-12 13:50:10,758 [ERROR] Failed security check: Expecting value: line 1 column 1 (char 0)
2025-11-12 13:50:10,758 [INFO] No updates available
2025-11-12 13:55:00,535 [INFO] Starting autonomous update cycle
2025-11-12 13:55:03,553 [ERROR] Failed to check configuration: Expecting value: line 1 column 1 (char 0)
2025-11-12 13:55:03,554 [ERROR] Failed security check: Expecting value: line 1 column 1 (char 0)
2025-11-12 13:55:03,554 [INFO] Found 1 updates available
2025-11-12 13:55:05,021 [INFO] Applied 1 updates
2025-11-12 14:00:05,232 [INFO] Starting autonomous update cycle
2025-11-12 14:00:13,338 [ERROR] Failed to check configuration: Expecting value: line 1 column 1 (char 0)
2025-11-12 14:00:13,339 [ERROR] Failed security check: Expecting value: line 1 column 1 (char 0)
2025-11-12 14:00:13,339 [INFO] No updates available
2025-11-12 14:05:01,410 [INFO] Starting autonomous update cycle
2025-11-12 14:05:08,964 [ERROR] Failed to check configuration: Expecting value: line 1 column 1 (char 0)
2025-11-12 14:05:08,965 [ERROR] Failed security check: Expecting value: line 1 column 1 (char 0)
2025-11-12 14:05:08,965 [INFO] No updates available
2025-11-12 14:10:00,961 [INFO] Starting autonomous update cycle
2025-11-12 14:10:04,907 [ERROR] Failed to check configuration: Expecting value: line 1 column 1 (char 0)
2025-11-12 14:10:04,907 [ERROR] Failed security check: Expecting value: line 1 column 1 (char 0)
2025-11-12 14:10:04,907 [INFO] No updates available
2025-11-12 14:15:00,747 [INFO] Starting autonomous update cycle
2025-11-12 14:15:04,075 [ERROR] Failed to check configuration: Expecting value: line 1 column 1 (char 0)
2025-11-12 14:15:04,076 [ERROR] Failed security check: Expecting value: line 1 column 1 (char 0)
2025-11-12 14:15:04,076 [INFO] No updates available
2025-11-12 14:20:00,870 [INFO] Starting autonomous update cycle
2025-11-12 14:20:03,393 [ERROR] Failed to check configuration: Expecting value: line 1 column 1 (char 0)
2025-11-12 14:20:03,394 [ERROR] Failed security check: Expecting value: line 1 column 1 (char 0)
2025-11-12 14:20:03,394 [INFO] No updates available
2025-11-12 14:25:01,525 [INFO] Starting autonomous update cycle
2025-11-12 14:25:04,854 [ERROR] Failed to check configuration: Expecting value: line 1 column 1 (char 0)
2025-11-12 14:25:04,855 [ERROR] Failed security check: Expecting value: line 1 column 1 (char 0)
2025-11-12 14:25:04,855 [INFO] No updates available
2025-11-12 14:30:00,821 [INFO] Starting autonomous update cycle
2025-11-12 14:30:03,819 [ERROR] Failed to check configuration: Expecting value: line 1 column 1 (char 0)
2025-11-12 14:30:03,819 [ERROR] Failed security check: Expecting value: line 1 column 1 (char 0)
2025-11-12 14:30:03,820 [INFO] No updates available
2025-11-12 14:35:02,175 [INFO] Starting autonomous update cycle
2025-11-12 14:35:05,755 [ERROR] Failed to check configuration: Expecting value: line 1 column 1 (char 0)
2025-11-12 14:35:05,756 [ERROR] Failed security check: Expecting value: line 1 column 1 (char 0)
2025-11-12 14:35:05,756 [INFO] No updates available
2025-11-12 14:40:00,617 [INFO] Starting autonomous update cycle
2025-11-12 14:40:02,991 [ERROR] Failed to check configuration: Expecting value: line 1 column 1 (char 0)
2025-11-12 14:40:02,991 [ERROR] Failed security check: Expecting value: line 1 column 1 (char 0)
2025-11-12 14:40:02,992 [INFO] No updates available
2025-11-12 14:45:00,681 [INFO] Starting autonomous update cycle
2025-11-12 14:45:02,818 [ERROR] Failed to check configuration: Expecting value: line 1 column 1 (char 0)
2025-11-12 14:45:02,819 [ERROR] Failed security check: Expecting value: line 1 column 1 (char 0)
2025-11-12 14:45:02,819 [INFO] No updates available
2025-11-12 14:50:00,440 [INFO] Starting autonomous update cycle
2025-11-12 14:50:02,433 [ERROR] Failed to check configuration: Expecting value: line 1 column 1 (char 0)
2025-11-12 14:50:02,434 [ERROR] Failed security check: Expecting value: line 1 column 1 (char 0)
2025-11-12 14:50:02,434 [INFO] No updates available
2025-11-12 14:55:01,079 [INFO] Starting autonomous update cycle
2025-11-12 14:55:03,239 [ERROR] Failed to check configuration: Expecting value: line 1 column 1 (char 0)
2025-11-12 14:55:03,239 [ERROR] Failed security check: Expecting value: line 1 column 1 (char 0)
2025-11-12 14:55:03,239 [INFO] No updates available
2025-11-12 15:00:00,923 [INFO] Starting autonomous update cycle
2025-11-12 15:00:03,194 [ERROR] Failed to check configuration: Expecting value: line 1 column 1 (char 0)
2025-11-12 15:00:03,194 [ERROR] Failed security check: Expecting value: line 1 column 1 (char 0)
2025-11-12 15:00:03,194 [INFO] No updates available
2025-11-12 15:05:00,800 [INFO] Starting autonomous update cycle
2025-11-12 15:05:02,847 [ERROR] Failed to check configuration: Expecting value: line 1 column 1 (char 0)
2025-11-12 15:05:02,847 [ERROR] Failed security check: Expecting value: line 1 column 1 (char 0)
2025-11-12 15:05:02,847 [INFO] No updates available
2025-11-12 15:10:00,424 [INFO] Starting autonomous update cycle
2025-11-12 15:10:02,488 [ERROR] Failed to check configuration: Expecting value: line 1 column 1 (char 0)
2025-11-12 15:10:02,488 [ERROR] Failed security check: Expecting value: line 1 column 1 (char 0)
2025-11-12 15:10:02,488 [INFO] No updates available
2025-11-12 15:15:01,035 [INFO] Starting autonomous update cycle
2025-11-12 15:15:03,003 [ERROR] Failed to check configuration: Expecting value: line 1 column 1 (char 0)
2025-11-12 15:15:03,004 [ERROR] Failed security check: Expecting value: line 1 column 1 (char 0)
2025-11-12 15:15:03,004 [INFO] No updates available
2025-11-12 15:20:00,686 [INFO] Starting autonomous update cycle
2025-11-12 15:20:02,771 [ERROR] Failed to check configuration: Expecting value: line 1 column 1 (char 0)
2025-11-12 15:20:02,771 [ERROR] Failed security check: Expecting value: line 1 column 1 (char 0)
2025-11-12 15:20:02,772 [INFO] No updates available
2025-11-12 15:25:00,497 [INFO] Starting autonomous update cycle
2025-11-12 15:25:02,840 [ERROR] Failed to check configuration: Expecting value: line 1 column 1 (char 0)
2025-11-12 15:25:02,841 [ERROR] Failed security check: Expecting value: line 1 column 1 (char 0)
2025-11-12 15:25:02,841 [INFO] No updates available
